d:\user\activities\apps\c++\trainerac\trainerac\debug\vc142.pdb
d:\user\activities\apps\c++\trainerac\trainerac\debug\vc142.idb
d:\user\activities\apps\c++\trainerac\trainerac\debug\proc.obj
d:\user\activities\apps\c++\trainerac\trainerac\debug\trainerac.obj
d:\user\activities\apps\c++\trainerac\trainerac\debug\trainer.obj
d:\user\activities\apps\c++\trainerac\debug\trainerac.pdb
d:\user\activities\apps\c++\trainerac\trainerac\debug\trainerac.tlog\cl.command.1.tlog
d:\user\activities\apps\c++\trainerac\trainerac\debug\trainerac.tlog\cl.read.1.tlog
d:\user\activities\apps\c++\trainerac\trainerac\debug\trainerac.tlog\cl.write.1.tlog
d:\user\activities\apps\c++\trainerac\trainerac\debug\trainerac.tlog\link-cvtres.read.1.tlog
d:\user\activities\apps\c++\trainerac\trainerac\debug\trainerac.tlog\link-cvtres.write.1.tlog
d:\user\activities\apps\c++\trainerac\trainerac\debug\trainerac.tlog\link-rc.read.1.tlog
d:\user\activities\apps\c++\trainerac\trainerac\debug\trainerac.tlog\link-rc.write.1.tlog
d:\user\activities\apps\c++\trainerac\trainerac\debug\trainerac.tlog\link.2480-cvtres.read.1.tlog
d:\user\activities\apps\c++\trainerac\trainerac\debug\trainerac.tlog\link.2480-cvtres.write.1.tlog
d:\user\activities\apps\c++\trainerac\trainerac\debug\trainerac.tlog\link.2480-rc.read.1.tlog
d:\user\activities\apps\c++\trainerac\trainerac\debug\trainerac.tlog\link.2480-rc.write.1.tlog
d:\user\activities\apps\c++\trainerac\trainerac\debug\trainerac.tlog\link.2480.read.1.tlog
d:\user\activities\apps\c++\trainerac\trainerac\debug\trainerac.tlog\link.2480.write.1.tlog
d:\user\activities\apps\c++\trainerac\trainerac\debug\trainerac.tlog\link.command.1.tlog
d:\user\activities\apps\c++\trainerac\trainerac\debug\trainerac.tlog\link.read.1.tlog
d:\user\activities\apps\c++\trainerac\trainerac\debug\trainerac.tlog\link.write.1.tlog
